E:\vs_project\openGL实验3\Debug\openGL实验3.pdb
E:\vs_project\openGL实验3\openGL实验3\Debug\cl.command.1.tlog
E:\vs_project\openGL实验3\openGL实验3\Debug\CL.read.1.tlog
E:\vs_project\openGL实验3\openGL实验3\Debug\CL.write.1.tlog
E:\vs_project\openGL实验3\openGL实验3\Debug\link.command.1.tlog
E:\vs_project\openGL实验3\openGL实验3\Debug\link.read.1.tlog
E:\vs_project\openGL实验3\openGL实验3\Debug\link.write.1.tlog
E:\vs_project\openGL实验3\openGL实验3\Debug\link-cvtres.read.1.tlog
E:\vs_project\openGL实验3\openGL实验3\Debug\link-cvtres.write.1.tlog
E:\VS_PROJECT\OPENGL实验3\OPENGL实验3\DEBUG\MAZE_EVENTS.OBJ
E:\VS_PROJECT\OPENGL实验3\OPENGL实验3\DEBUG\MAZE_LIB.OBJ
E:\VS_PROJECT\OPENGL实验3\OPENGL实验3\DEBUG\MAZE_MAIN.OBJ
E:\VS_PROJECT\OPENGL实验3\OPENGL实验3\DEBUG\MAZE_MATH.OBJ
E:\VS_PROJECT\OPENGL实验3\OPENGL实验3\DEBUG\MAZE_OBJECTS.OBJ
E:\VS_PROJECT\OPENGL实验3\OPENGL实验3\DEBUG\MAZE_WORLD.OBJ
E:\vs_project\openGL实验3\openGL实验3\Debug\openGL实验3.exe.embed.manifest
E:\VS_PROJECT\OPENGL实验3\OPENGL实验3\DEBUG\OPENGL实验3.EXE.EMBED.MANIFEST.RES
E:\vs_project\openGL实验3\openGL实验3\Debug\openGL实验3.exe.intermediate.manifest
E:\vs_project\openGL实验3\openGL实验3\Debug\openGL实验3_manifest.rc
E:\vs_project\openGL实验3\openGL实验3\Debug\rc.command.1.tlog
E:\vs_project\openGL实验3\openGL实验3\Debug\rc.read.1.tlog
E:\vs_project\openGL实验3\openGL实验3\Debug\rc.write.1.tlog
E:\vs_project\openGL实验3\openGL实验3\Debug\vc100.idb
E:\VS_PROJECT\OPENGL实验3\OPENGL实验3\DEBUG\VC100.PDB
